<?xml version="1.0" encoding="UTF-8"?>
<testng-results ignored="0" total="1" passed="1" failed="0" skipped="0">
  <reporter-output>
    <line>
      <![CDATA[Err Msg is displayed]]>
    </line>
  </reporter-output>
  <suite started-at="2023-09-14T19:29:38 IST" name="Default suite" finished-at="2023-09-14T19:29:53 IST" duration-ms="15473">
    <groups>
    </groups>
    <test started-at="2023-09-14T19:29:38 IST" name="Default test" finished-at="2023-09-14T19:29:53 IST" duration-ms="15473">
      <class name="script.InvalidLogin">
        <test-method is-config="true" signature="preCondition(java.lang.String,java.lang.String,java.lang.String,java.lang.String,java.lang.String,java.lang.String)[pri:0, instance:script.InvalidLogin@7161d8d1]" started-at="2023-09-14T19:29:38 IST" name="preCondition" finished-at="2023-09-14T19:29:48 IST" duration-ms="10698" status="PASS">
          <params>
            <param index="0">
              <value>
                <![CDATA[no]]>
              </value>
            </param>
            <param index="1">
              <value>
                <![CDATA[http://localhost:4444]]>
              </value>
            </param>
            <param index="2">
              <value>
                <![CDATA[chrome]]>
              </value>
            </param>
            <param index="3">
              <value>
                <![CDATA[https://demo.actitime.com]]>
              </value>
            </param>
            <param index="4">
              <value>
                <![CDATA[10]]>
              </value>
            </param>
            <param index="5">
              <value>
                <![CDATA[10]]>
              </value>
            </param>
          </params>
          <reporter-output>
          </reporter-output>
        </test-method> <!-- preCondition -->
        <test-method signature="testInvalidLogin()[pri:2, instance:script.InvalidLogin@7161d8d1]" started-at="2023-09-14T19:29:49 IST" name="testInvalidLogin" finished-at="2023-09-14T19:29:53 IST" duration-ms="4248" status="PASS">
          <reporter-output>
            <line>
              <![CDATA[Err Msg is displayed]]>
            </line>
          </reporter-output>
        </test-method> <!-- testInvalidLogin -->
        <test-method is-config="true" signature="postCondition(org.testng.ITestResult)[pri:0, instance:script.InvalidLogin@7161d8d1]" started-at="2023-09-14T19:29:53 IST" name="postCondition" finished-at="2023-09-14T19:29:53 IST" duration-ms="394" status="PASS">
          <params>
            <param index="0">
              <value>
                <![CDATA[[TestResult name=testInvalidLogin status=SUCCESS method=InvalidLogin.testInvalidLogin()[pri:2, instance:script.InvalidLogin@7161d8d1] output=Err Msg is displayed]]]>
              </value>
            </param>
          </params>
          <reporter-output>
          </reporter-output>
        </test-method> <!-- postCondition -->
      </class> <!-- script.InvalidLogin -->
    </test> <!-- Default test -->
  </suite> <!-- Default suite -->
</testng-results>
